[36mINFO[0m[2024-07-11T02:17:03+05:00]main.go:20 main.main() Connect to PSQLClient                        
[36mINFO[0m[2024-07-11T02:17:03+05:00]main.go:22 main.main() Sql migrations compelet                      
[36mINFO[0m[2024-07-11T02:17:03+05:00]client_service.go:76 test-task/internal/services.(*clientService).StartAlgorithmSync() Starting synchronization process...          
[36mINFO[0m[2024-07-11T02:34:46+05:00]main.go:20 main.main() Connect to PSQLClient                        
[36mINFO[0m[2024-07-11T02:34:46+05:00]main.go:22 main.main() Sql migrations compelet                      
[36mINFO[0m[2024-07-11T02:34:46+05:00]client_service.go:76 test-task/internal/services.(*clientService).StartAlgorithmSync() Starting synchronization process...          
[36mINFO[0m[2024-07-11T02:44:03+05:00]main.go:20 main.main() Connect to PSQLClient                        
[36mINFO[0m[2024-07-11T02:44:03+05:00]main.go:22 main.main() Sql migrations compelet                      
[36mINFO[0m[2024-07-11T02:44:03+05:00]client_service.go:76 test-task/internal/services.(*clientService).StartAlgorithmSync() Starting synchronization process...          
[36mINFO[0m[2024-07-11T02:44:21+05:00]main.go:20 main.main() Connect to PSQLClient                        
[36mINFO[0m[2024-07-11T02:44:21+05:00]main.go:22 main.main() Sql migrations compelet                      
[36mINFO[0m[2024-07-11T02:44:21+05:00]client_service.go:76 test-task/internal/services.(*clientService).StartAlgorithmSync() Starting synchronization process...          
[36mINFO[0m[2024-07-11T02:49:52+05:00]main.go:27 main.main() Connect to PSQLClient                        
[36mINFO[0m[2024-07-11T02:49:52+05:00]main.go:29 main.main() Sql migrations compelet                      
[36mINFO[0m[2024-07-11T02:49:52+05:00]client_service.go:76 test-task/internal/services.(*clientService).StartAlgorithmSync() Starting synchronization process...          
[36mINFO[0m[2024-07-11T03:05:37+05:00]main.go:28 main.main() Connect to PSQLClient                        
[36mINFO[0m[2024-07-11T03:05:37+05:00]main.go:30 main.main() Sql migrations compelet                      
[36mINFO[0m[2024-07-11T03:05:37+05:00]client_service.go:76 test-task/internal/services.(*clientService).StartAlgorithmSync() Starting synchronization process...          
[36mINFO[0m[2024-07-11T03:13:16+05:00]main.go:28 main.main() Connect to PSQLClient                        
[36mINFO[0m[2024-07-11T03:13:16+05:00]main.go:30 main.main() Sql migrations compelet                      
[36mINFO[0m[2024-07-11T03:13:16+05:00]client_service.go:76 test-task/internal/services.(*clientService).StartAlgorithmSync() Starting synchronization process...          
[36mINFO[0m[2024-07-11T03:16:19+05:00]main.go:28 main.main() Connect to PSQLClient                        
[36mINFO[0m[2024-07-11T03:16:19+05:00]main.go:30 main.main() Sql migrations compelet                      
[36mINFO[0m[2024-07-11T03:16:19+05:00]client_service.go:76 test-task/internal/services.(*clientService).StartAlgorithmSync() Starting synchronization process...          
[36mINFO[0m[2024-07-11T03:18:25+05:00]main.go:28 main.main() Connect to PSQLClient                        
[36mINFO[0m[2024-07-11T03:18:25+05:00]main.go:30 main.main() Sql migrations compelet                      
[36mINFO[0m[2024-07-11T03:18:25+05:00]client_service.go:76 test-task/internal/services.(*clientService).StartAlgorithmSync() Starting synchronization process...          
[36mINFO[0m[2024-07-11T03:24:11+05:00]main.go:28 main.main() Connect to PSQLClient                        
[36mINFO[0m[2024-07-11T03:24:11+05:00]main.go:30 main.main() Sql migrations compelet                      
[36mINFO[0m[2024-07-11T03:24:11+05:00]client_service.go:76 test-task/internal/services.(*clientService).StartAlgorithmSync() Starting synchronization process...          
[36mINFO[0m[2024-07-11T03:26:17+05:00]main.go:28 main.main() Connect to PSQLClient                        
[36mINFO[0m[2024-07-11T03:26:17+05:00]main.go:30 main.main() Sql migrations compelet                      
[36mINFO[0m[2024-07-11T03:26:17+05:00]client_service.go:76 test-task/internal/services.(*clientService).StartAlgorithmSync() Starting synchronization process...          
[36mINFO[0m[2024-07-11T03:33:50+05:00]main.go:28 main.main() Connect to PSQLClient                        
[36mINFO[0m[2024-07-11T03:33:50+05:00]main.go:30 main.main() Sql migrations compelet                      
[36mINFO[0m[2024-07-11T03:33:50+05:00]client_service.go:76 test-task/internal/services.(*clientService).StartAlgorithmSync() Starting synchronization process...          
[36mINFO[0m[2024-07-11T03:46:13+05:00]main.go:28 main.main() Connect to PSQLClient                        
[36mINFO[0m[2024-07-11T03:46:13+05:00]main.go:30 main.main() Sql migrations compelet                      
[36mINFO[0m[2024-07-11T03:46:13+05:00]client_service.go:76 test-task/internal/services.(*clientService).StartAlgorithmSync() Starting synchronization process...          
[36mINFO[0m[2024-07-11T03:47:03+05:00]main.go:28 main.main() Connect to PSQLClient                        
[36mINFO[0m[2024-07-11T03:47:03+05:00]main.go:30 main.main() Sql migrations compelet                      
[36mINFO[0m[2024-07-11T03:47:03+05:00]client_service.go:76 test-task/internal/services.(*clientService).StartAlgorithmSync() Starting synchronization process...          
[36mINFO[0m[2024-07-11T03:50:50+05:00]main.go:28 main.main() Connect to PSQLClient                        
[36mINFO[0m[2024-07-11T03:50:50+05:00]main.go:30 main.main() Sql migrations compelet                      
[36mINFO[0m[2024-07-11T03:50:50+05:00]client_service.go:76 test-task/internal/services.(*clientService).StartAlgorithmSync() Starting synchronization process...          
[36mINFO[0m[2024-07-11T03:51:59+05:00]main.go:28 main.main() Connect to PSQLClient                        
[36mINFO[0m[2024-07-11T03:52:00+05:00]main.go:30 main.main() Sql migrations compelet                      
[36mINFO[0m[2024-07-11T03:52:00+05:00]client_service.go:76 test-task/internal/services.(*clientService).StartAlgorithmSync() Starting synchronization process...          
[36mINFO[0m[2024-07-11T03:52:17+05:00]main.go:28 main.main() Connect to PSQLClient                        
[36mINFO[0m[2024-07-11T03:52:17+05:00]main.go:30 main.main() Sql migrations compelet                      
[36mINFO[0m[2024-07-11T03:52:17+05:00]client_service.go:76 test-task/internal/services.(*clientService).StartAlgorithmSync() Starting synchronization process...          
[36mINFO[0m[2024-07-11T03:57:10+05:00]main.go:28 main.main() Connect to PSQLClient                        
[36mINFO[0m[2024-07-11T03:57:10+05:00]main.go:30 main.main() Sql migrations compelet                      
[36mINFO[0m[2024-07-11T03:57:10+05:00]client_service.go:76 test-task/internal/services.(*clientService).StartAlgorithmSync() Starting synchronization process...          
[36mINFO[0m[2024-07-11T04:11:22+05:00]main.go:28 main.main() Connect to PSQLClient                        
[36mINFO[0m[2024-07-11T04:11:22+05:00]main.go:30 main.main() Sql migrations compelet                      
[36mINFO[0m[2024-07-11T04:11:22+05:00]client_service.go:76 test-task/internal/services.(*clientService).StartAlgorithmSync() Starting synchronization process...          
[36mINFO[0m[2024-07-11T04:17:20+05:00]main.go:28 main.main() Connect to PSQLClient                        
[36mINFO[0m[2024-07-11T04:17:20+05:00]main.go:30 main.main() Sql migrations compelet                      
[36mINFO[0m[2024-07-11T04:17:20+05:00]client_service.go:76 test-task/internal/services.(*clientService).StartAlgorithmSync() Starting synchronization process...          
[36mINFO[0m[2024-07-11T04:19:02+05:00]main.go:28 main.main() Connect to PSQLClient                        
[36mINFO[0m[2024-07-11T04:19:02+05:00]main.go:30 main.main() Sql migrations compelet                      
[36mINFO[0m[2024-07-11T04:19:02+05:00]client_service.go:76 test-task/internal/services.(*clientService).StartAlgorithmSync() Starting synchronization process...          
[36mINFO[0m[2024-07-11T04:20:01+05:00]main.go:28 main.main() Connect to PSQLClient                        
[36mINFO[0m[2024-07-11T04:20:01+05:00]main.go:30 main.main() Sql migrations compelet                      
[36mINFO[0m[2024-07-11T04:20:01+05:00]client_service.go:76 test-task/internal/services.(*clientService).StartAlgorithmSync() Starting synchronization process...          
[36mINFO[0m[2024-07-11T15:11:43+05:00]main.go:28 main.main() Connect to PSQLClient                        
[36mINFO[0m[2024-07-11T15:11:43+05:00]main.go:30 main.main() Sql migrations compelet                      
[36mINFO[0m[2024-07-11T15:13:20+05:00]main.go:28 main.main() Connect to PSQLClient                        
[36mINFO[0m[2024-07-11T15:13:20+05:00]main.go:30 main.main() Sql migrations compelet                      
[36mINFO[0m[2024-07-11T15:14:42+05:00]main.go:28 main.main() Connect to PSQLClient                        
[36mINFO[0m[2024-07-11T15:14:42+05:00]main.go:30 main.main() Sql migrations compelet                      
[36mINFO[0m[2024-07-11T15:22:59+05:00]main.go:28 main.main() Connect to PSQLClient                        
[36mINFO[0m[2024-07-11T15:22:59+05:00]main.go:30 main.main() Sql migrations compelet                      
[36mINFO[0m[2024-07-11T15:22:59+05:00]client_service.go:76 test-task/internal/services.(*clientService).StartAlgorithmSync() Starting synchronization process...          
[31mERRO[0m[2024-07-11T15:23:05+05:00]client_service.go:99 test-task/internal/services.(*clientService).syncAlgorithms() Failed to fetch algorithm status for client 2: repository.client.AlgorithmByClientID sql: no rows in result set 
[31mERRO[0m[2024-07-11T15:23:10+05:00]client_service.go:99 test-task/internal/services.(*clientService).syncAlgorithms() Failed to fetch algorithm status for client 2: repository.client.AlgorithmByClientID sql: no rows in result set 
[31mERRO[0m[2024-07-11T15:23:15+05:00]client_service.go:99 test-task/internal/services.(*clientService).syncAlgorithms() Failed to fetch algorithm status for client 2: repository.client.AlgorithmByClientID sql: no rows in result set 
[36mINFO[0m[2024-07-11T15:25:03+05:00]main.go:28 main.main() Connect to PSQLClient                        
[36mINFO[0m[2024-07-11T15:25:03+05:00]main.go:30 main.main() Sql migrations compelet                      
[36mINFO[0m[2024-07-11T15:25:03+05:00]client_service.go:76 test-task/internal/services.(*clientService).StartAlgorithmSync() Starting synchronization process...          
[31mERRO[0m[2024-07-11T15:25:08+05:00]client_service.go:99 test-task/internal/services.(*clientService).syncAlgorithms() Failed to fetch algorithm status for client 2: sql: no rows in result set 
[31mERRO[0m[2024-07-11T15:25:13+05:00]client_service.go:99 test-task/internal/services.(*clientService).syncAlgorithms() Failed to fetch algorithm status for client 2: sql: no rows in result set 
[36mINFO[0m[2024-07-11T15:25:48+05:00]main.go:28 main.main() Connect to PSQLClient                        
[36mINFO[0m[2024-07-11T15:25:48+05:00]main.go:30 main.main() Sql migrations compelet                      
[36mINFO[0m[2024-07-11T15:25:48+05:00]client_service.go:76 test-task/internal/services.(*clientService).StartAlgorithmSync() Starting synchronization process...          
[36mINFO[0m[2024-07-11T15:35:13+05:00]main.go:28 main.main() Connect to PSQLClient                        
[36mINFO[0m[2024-07-11T15:35:13+05:00]main.go:30 main.main() Sql migrations compelet                      
[36mINFO[0m[2024-07-11T15:41:26+05:00]main.go:28 main.main() Connect to PSQLClient                        
[36mINFO[0m[2024-07-11T15:41:26+05:00]main.go:30 main.main() Sql migrations compelet                      
